
{
    "level": "ERROR",
    "time": "2025-12-22T12:37:16.007+0530",
    "caller": "midlleware/globalErrorHandlingMidddlware.go:28",
    "msg": "record not found",
    "path": "/user/345",
    "status": 400
}

{
    "level": "ERROR",
    "time": "2025-12-22T12:47:09.010+0530",
    "caller": "midlleware/globalErrorHandlingMidddlware.go:27",
    "msg": "Internal server error",
    "path": "/user/",
    "status": 500
}

{
    "level": "ERROR",
    "time": "2025-12-22T12:49:18.972+0530",
    "caller": "midlleware/globalErrorHandlingMidddlware.go:27",
    "msg": "Internal server error",
    "path": "/user/",
    "status": 500
}

{
    "level": "ERROR",
    "time": "2025-12-22T13:04:47.046+0530",
    "caller": "midlleware/globalErrorHandlingMidddlware.go:27",
    "msg": "Internal server error",
    "path": "/user/",
    "status": 500
}

{
    "level": "ERROR",
    "time": "2025-12-22T13:21:31.651+0530",
    "caller": "midlleware/globalErrorHandlingMidddlware.go:27",
    "msg": "Key: 'User.Email' Error:Field validation for 'Email' failed on the 'required' tag",
    "path": "/user/",
    "status": 400
}
{"level":"ERROR","time":"2025-12-22T13:25:38.636+0530","caller":"midlleware/globalErrorHandlingMidddlware.go:27","msg":"record not found","path":"/user/11","status":400}
